\BOOKMARK [0][-]{chapter.1}{\376\377\142\323\142\121\172\172\225\364\124\214\217\336\176\355\140\047}{}% 1
\BOOKMARK [1][-]{section.1.1}{\376\377\142\323\142\121\172\172\225\364}{chapter.1}% 2
\BOOKMARK [2][-]{subsection.1.1.1}{\376\377\136\246\221\317\142\323\142\121}{section.1.1}% 3
\BOOKMARK [2][-]{subsection.1.1.2}{\376\377\136\217\122\027\166\204\145\066\145\133\140\047}{section.1.1}% 4
\BOOKMARK [2][-]{subsection.1.1.3}{\376\377\142\323\142\121\127\372\000T\000o\000p\000o\000l\000o\000g\000y\000\040\000\040\000B\000a\000s\000i\000s}{section.1.1}% 5
\BOOKMARK [1][-]{section.1.2}{\376\377\217\336\176\355\146\040\134\004\377\014\000H\000a\000u\000s\000d\000o\000r\000f\000f\000\040\172\172\225\364\377\014\124\014\200\332\146\040\134\004}{chapter.1}% 6
\BOOKMARK [2][-]{subsection.1.2.1}{\376\377\217\336\176\355\146\040\134\004}{section.1.2}% 7
\BOOKMARK [2][-]{subsection.1.2.2}{\376\377\000H\000a\000u\000s\000d\000o\000r\000f\000f\000\040\172\172\225\364}{section.1.2}% 8
\BOOKMARK [2][-]{subsection.1.2.3}{\376\377\124\014\200\332\146\040\134\004}{section.1.2}% 9
\BOOKMARK [1][-]{section.1.3}{\376\377\116\130\171\357\142\323\142\121}{chapter.1}% 10
\BOOKMARK [0][-]{chapter.2}{\376\377\121\340\116\052\221\315\211\201\166\204\142\323\142\121\140\047\215\050}{}% 11
\BOOKMARK [1][-]{section.2.1}{\376\377\175\047\140\047}{chapter.2}% 12
\BOOKMARK [1][-]{section.2.2}{\376\377\116\130\171\357\172\172\225\364\166\204\175\047\140\047\377\014\121\166\116\326\175\047\140\047}{chapter.2}% 13
\BOOKMARK [2][-]{subsection.2.2.1}{\376\377\116\130\171\357\172\172\225\364\166\204\175\047\140\047}{section.2.2}% 14
\BOOKMARK [2][-]{subsection.2.2.2}{\376\377\175\047\140\047\116\016\217\336\176\355\146\040\134\004}{section.2.2}% 15
\BOOKMARK [2][-]{subsection.2.2.3}{\376\377\121\166\116\326\175\047\140\047}{section.2.2}% 16
\BOOKMARK [1][-]{section.2.3}{\376\377\217\336\220\032\140\047}{chapter.2}% 17
\BOOKMARK [2][-]{subsection.2.3.1}{\376\377\217\336\220\032\140\047}{section.2.3}% 18
\BOOKMARK [2][-]{subsection.2.3.2}{\376\377\142\323\142\121\116\015\123\330\140\047}{section.2.3}% 19
\BOOKMARK [2][-]{subsection.2.3.3}{\376\377\217\336\220\032\122\006\145\057}{section.2.3}% 20
\BOOKMARK [2][-]{subsection.2.3.4}{\376\377\220\123\215\357\217\336\220\032\140\047}{section.2.3}% 21
\BOOKMARK [0][-]{chapter.3}{\376\377\125\106\172\172\225\364\116\016\225\355\146\362\227\142}{}% 22
\BOOKMARK [1][-]{section.3.1}{\376\377\125\106\172\172\225\364\116\016\125\106\146\040\134\004}{chapter.3}% 23
\BOOKMARK [2][-]{subsection.3.1.1}{\376\377\000M\000b\000i\000u\000s\000\040\136\046}{section.3.1}% 24
